#
# There is insufficient memory for the Java Runtime Environment to continue.
# Native memory allocation (malloc) failed to allocate 16384 bytes for AllocateHeap
# Possible reasons:
#   The system is out of physical RAM or swap space
#   In 32 bit mode, the process size limit was hit
# Possible solutions:
#   Reduce memory load on the system
#   Increase physical memory or swap space
#   Check if swap backing store is full
#   Use 64 bit Java on a 64 bit OS
#   Decrease Java heap size (-Xmx/-Xms)
#   Decrease number of Java threads
#   Decrease Java thread stack sizes (-Xss)
#   Set larger code cache with -XX:ReservedCodeCacheSize=
# This output file may be truncated or incomplete.
#
#  Out of Memory Error (memory/allocation.inline.hpp:61), pid=6344, tid=0x0000000000001a3c
#
# JRE version: OpenJDK Runtime Environment (8.0_112-b06) (build 1.8.0_112-release-b06)
# Java VM: OpenJDK 64-Bit Server VM (25.112-b06 mixed mode windows-amd64 compressed oops)
# Failed to write core dump. Minidumps are not enabled by default on client versions of Windows
#

---------------  T H R E A D  ---------------

Current thread (0x000000000243d800):  JavaThread "main" [_thread_in_vm, id=6716, stack(0x00000000027c0000,0x00000000028c0000)]

Stack: [0x00000000027c0000,0x00000000028c0000]
[error occurred during error reporting (printing stack bounds), id 0xc0000005]

Native frames: (J=compiled Java code, j=interpreted, Vv=VM code, C=native code)

Java frames: (J=compiled Java code, j=interpreted, Vv=VM code)
j  java.util.jar.JarVerifier.<init>([B)V+59
j  java.util.jar.JarFile.getManifestFromReference()Ljava/util/jar/Manifest;+77
j  java.util.jar.JarFile.getManifest()Ljava/util/jar/Manifest;+1
j  sun.misc.URLClassPath$JarLoader$2.getManifest()Ljava/util/jar/Manifest;+7
j  java.net.URLClassLoader.defineClass(Ljava/lang/String;Lsun/misc/Resource;)Ljava/lang/Class;+34
j  java.net.URLClassLoader.access$100(Ljava/net/URLClassLoader;Ljava/lang/String;Lsun/misc/Resource;)Ljava/lang/Class;+3
j  java.net.URLClassLoader$1.run()Ljava/lang/Class;+43
j  java.net.URLClassLoader$1.run()Ljava/lang/Object;+1
v  ~StubRoutines::call_stub
j  java.security.AccessController.doPrivileged(Ljava/security/PrivilegedExceptionAction;Ljava/security/AccessControlContext;)Ljava/lang/Object;+0
j  java.net.URLClassLoader.findClass(Ljava/lang/String;)Ljava/lang/Class;+13
j  java.lang.ClassLoader.loadClass(Ljava/lang/String;Z)Ljava/lang/Class;+70
j  sun.misc.Launcher$AppClassLoader.loadClass(Ljava/lang/String;Z)Ljava/lang/Class;+81
j  java.lang.ClassLoader.loadClass(Ljava/lang/String;)Ljava/lang/Class;+3
j  sun.launcher.LauncherHelper.checkAndLoadMain(ZILjava/lang/String;)Ljava/lang/Class;+93
v  ~StubRoutines::call_stub

---------------  P R O C E S S  ---------------

Java Threads: ( => current thread )
  0x00000000565f0000 JavaThread "Service Thread" daemon [_thread_blocked, id=6940, stack(0x0000000056e50000,0x0000000056f50000)]
  0x00000000565cc800 JavaThread "C1 CompilerThread2" daemon [_thread_blocked, id=5136, stack(0x0000000056f70000,0x0000000057070000)]
  0x00000000565c7000 JavaThread "C2 CompilerThread1" daemon [_thread_blocked, id=4872, stack(0x00000000569e0000,0x0000000056ae0000)]
  0x000000005657e000 JavaThread "C2 CompilerThread0" daemon [_thread_blocked, id=6912, stack(0x0000000056c90000,0x0000000056d90000)]
  0x000000005656c800 JavaThread "Attach Listener" daemon [_thread_blocked, id=7000, stack(0x0000000056ae0000,0x0000000056be0000)]
  0x000000005538b800 JavaThread "Signal Dispatcher" daemon [_thread_blocked, id=4468, stack(0x0000000056230000,0x0000000056330000)]
  0x0000000055377000 JavaThread "Finalizer" daemon [_thread_blocked, id=3436, stack(0x0000000056460000,0x0000000056560000)]
  0x0000000055330000 JavaThread "Reference Handler" daemon [_thread_blocked, id=6776, stack(0x0000000056350000,0x0000000056450000)]
=>0x000000000243d800 JavaThread "main" [_thread_in_vm, id=6716, stack(0x00000000027c0000,0x00000000028c0000)]

Other Threads:
  0x0000000055328000 VMThread [stack: 0x0000000056090000,0x0000000056190000] [id=6364]
  0x00000000565f3800 WatcherThread [stack: 0x00000000571f0000,0x00000000572f0000] [id=6732]

VM state:not at safepoint (normal execution)

VM Mutex/Monitor currently owned by a thread:  ([mutex/lock_event])
[0x000000000243b6e0] SystemDictionary_lock - owner thread: 0x000000000243d800
[0x000000000243c960] Compile_lock - owner thread: 0x000000000243d800

Heap:
 PSYoungGen      total 38400K, used 1996K [0x00000000eab00000, 0x00000000ed580000, 0x0000000100000000)
  eden space 33280K, 6% used [0x00000000eab00000,0x00000000eacf3378,0x00000000ecb80000)
  from space 5120K, 0% used [0x00000000ed080000,0x00000000ed080000,0x00000000ed580000)
  to   space 5120K, 0% used [0x00000000ecb80000,0x00000000ecb80000,0x00000000ed080000)
 ParOldGen       total 87552K, used 0K [0x00000000c0000000, 0x00000000c5580000, 0x00000000eab00000)
  object space 87552K, 0% used [0x00000000c0000000,0x00000000c0000000,0x00000000c5580000)
 Metaspace       used 2624K, capacity 4480K, committed 4480K, reserved 1056768K
  class space    used 274K, capacity 384K, committed 384K, reserved 1048576K

Card table byte_map: [0x0000000011c80000,0x0000000011e90000] byte_map_base: 0x0000000011680000

Marking Bits: (ParMarkBitMap*) 0x00000000641318f0
 Begin Bits: [0x00000000127a0000, 0x00000000137a0000)
 End Bits:   [0x00000000137a0000, 0x00000000147a0000)

Polling page: 0x0000000000130000

CodeCache: size=245760Kb used=1096Kb max_used=1096Kb free=244663Kb
 bounds [0x00000000028c0000, 0x0000000002b30000, 0x00000000118c0000]
 total_blobs=255 nmethods=19 adapters=151
 compilation: enabled

Compilation events (10 events):
Event: 0.107 Thread 0x00000000565cc800 nmethod 16 0x00000000029cbb90 code [0x00000000029cbd40, 0x00000000029cc178]
Event: 0.109 Thread 0x00000000565cc800   17       3       java.util.Arrays::copyOfRange (63 bytes)
Event: 0.110 Thread 0x00000000565cc800 nmethod 17 0x00000000029d04d0 code [0x00000000029d06e0, 0x00000000029d11f8]
Event: 0.110 Thread 0x00000000565cc800   18       1       java.lang.Object::<init> (1 bytes)
Event: 0.110 Thread 0x00000000565cc800 nmethod 18 0x00000000029ceb50 code [0x00000000029ceca0, 0x00000000029cedb0]
Event: 0.110 Thread 0x00000000565cc800   19       3       java.lang.Math::min (11 bytes)
Event: 0.110 Thread 0x00000000565cc800 nmethod 19 0x00000000029d1950 code [0x00000000029d1aa0, 0x00000000029d1c30]
Event: 0.117 Thread 0x00000000565c7000   22       4       sun.misc.ASCIICaseInsensitiveComparator::toLower (16 bytes)
Event: 0.117 Thread 0x000000005657e000   23       4       sun.misc.ASCIICaseInsensitiveComparator::isUpper (18 bytes)
Event: 0.117 Thread 0x00000000565cc800   20       3       java.util.jar.Attributes$Name::isValid (32 bytes)

GC Heap History (0 events):
No events

Deoptimization events (0 events):
No events

Internal exceptions (2 events):
Event: 0.027 Thread 0x000000000243d800 Exception <a 'java/lang/NoSuchMethodError': Method sun.misc.Unsafe.defineClass(Ljava/lang/String;[BII)Ljava/lang/Class; name or signature does not match> (0x00000000eab07c78) thrown at [C:\src\android\AOSP-openjdk\external\jetbrains\jdk\hotspot\src\share\v5ÿí’„Mõ?
Event: 0.027 Thread 0x000000000243d800 Exception <a 'java/lang/NoSuchMethodError': Method sun.misc.Unsafe.prefetchRead(Ljava/lang/Object;J)V name or signature does not match> (0x00000000eab07f60) thrown at [C:\src\android\AOSP-openjdk\external\jetbrains\jdk\hotspot\src\share\vm\prims\jni.cpp, l

Events (10 events):
Event: 0.115 loading class java/util/jar/Manifest$FastInputStream
Event: 0.115 loading class java/util/jar/Manifest$FastInputStream done
Event: 0.115 loading class sun/nio/cs/UTF_8$Decoder
Event: 0.116 loading class sun/nio/cs/UTF_8$Decoder done
Event: 0.116 loading class java/util/jar/Attributes$Name
Event: 0.116 loading class java/util/jar/Attributes$Name done
Event: 0.116 loading class java/util/jar/JarVerifier
Event: 0.116 loading class java/util/jar/JarVerifier done
Event: 0.116 loading class java/security/CodeSigner
Event: 0.116 loading class java/security/CodeSigner done


Dynamic libraries:
0x000000013f850000 - 0x000000013f881000 	C:\Android\android-studio\jre\bin\java.exe
0x0000000077690000 - 0x0000000077839000 	C:\Windows\SYSTEM32\ntdll.dll
0x0000000077470000 - 0x000000007758f000 	C:\Windows\system32\kernel32.dll
0x000007fefd6a0000 - 0x000007fefd70b000 	C:\Windows\system32\KERNELBASE.dll
0x000007fefdd80000 - 0x000007fefde5b000 	C:\Windows\system32\ADVAPI32.dll
0x000007fefdbd0000 - 0x000007fefdc6f000 	C:\Windows\system32\msvcrt.dll
0x000007feff680000 - 0x000007feff69f000 	C:\Windows\SYSTEM32\sechost.dll
0x000007feff4e0000 - 0x000007feff60d000 	C:\Windows\system32\RPCRT4.dll
0x0000000077590000 - 0x000000007768a000 	C:\Windows\system32\USER32.dll
0x000007feff610000 - 0x000007feff677000 	C:\Windows\system32\GDI32.dll
0x000007fefdb90000 - 0x000007fefdb9e000 	C:\Windows\system32\LPK.dll
0x000007feff6a0000 - 0x000007feff769000 	C:\Windows\system32\USP10.dll
0x000007fefb960000 - 0x000007fefbb54000 	C:\Windows\WinSxS\amd64_microsoft.windows.common-controls_6595b64144ccf1df_6.0.7601.17514_none_fa396087175ac9ac\COMCTL32.dll
0x000007fefebf0000 - 0x000007fefec61000 	C:\Windows\system32\SHLWAPI.dll
0x000007fefdba0000 - 0x000007fefdbce000 	C:\Windows\system32\IMM32.DLL
0x000007fefdc70000 - 0x000007fefdd79000 	C:\Windows\system32\MSCTF.dll
0x000000006ebe0000 - 0x000000006ecb2000 	C:\Android\android-studio\jre\jre\bin\msvcr100.dll
0x0000000063970000 - 0x00000000641ac000 	C:\Android\android-studio\jre\jre\bin\server\jvm.dll
0x000007fef9fd0000 - 0x000007fef9fd9000 	C:\Windows\system32\WSOCK32.dll
0x000007feff770000 - 0x000007feff7bd000 	C:\Windows\system32\WS2_32.dll
0x000007feff260000 - 0x000007feff268000 	C:\Windows\system32\NSI.dll
0x000007fef6ae0000 - 0x000007fef6b1b000 	C:\Windows\system32\WINMM.dll
0x000007fefc530000 - 0x000007fefc53c000 	C:\Windows\system32\VERSION.dll
0x0000000077860000 - 0x0000000077867000 	C:\Windows\system32\PSAPI.DLL
0x000007fefa2b0000 - 0x000007fefa2bf000 	C:\Android\android-studio\jre\jre\bin\verify.dll
0x000007fefa280000 - 0x000007fefa2a9000 	C:\Android\android-studio\jre\jre\bin\java.dll
0x000007fefa260000 - 0x000007fefa276000 	C:\Android\android-studio\jre\jre\bin\zip.dll
0x000007fefde60000 - 0x000007fefebe8000 	C:\Windows\system32\SHELL32.dll
0x000007fefd8a0000 - 0x000007fefdaa3000 	C:\Windows\system32\ole32.dll
0x000007fefd450000 - 0x000007fefd45f000 	C:\Windows\system32\profapi.dll

VM Arguments:
jvm_args: -Djava.awt.headless=true -Xmx1024M -Dfile.encoding=GBK -Duser.country=CN -Duser.language=zh -Duser.variant 
java_command: com.android.dx.command.Main --dex --num-threads=4 --output D:\test\6_2\app\build\intermediates\pre-dexed\debug\debug_047f03cdfcf8d6e1dc56595d7023f4504b029023.jar D:\test\6_2\app\build\intermediates\classes\debug
java_class_path (initial): C:\Android\android-sdk-windows\build-tools\25.0.0\lib\dx.jar
Launcher Type: SUN_STANDARD

Environment Variables:
PATH=C:\ProgramData\Oracle\Java\javapath;C:\Program Files (x86)\Intel\iCLS Client\;C:\Program Files\Intel\iCLS Client\;C:\Windows\system32;C:\Windows;C:\Windows\System32\Wbem;C:\Windows\System32\WindowsPowerShell\v1.0\;C:\Program Files (x86)\Intel\UCRT\;C:\Program Files\Intel\UCRT\;C:\Program Files (x86)\Intel\Intel(R) Management Engine Components\DAL;C:\Program Files\Intel\Intel(R) Management Engine Components\DAL;C:\Program Files (x86)\Intel\Intel(R) Management Engine Components\IPT;C:\Program Files\Intel\Intel(R) Management Engine Components\IPT;C:\Program Files (x86)\Git\cmd
USERNAME=Administrator
OS=Windows_NT
PROCESSOR_IDENTIFIER=Intel64 Family 6 Model 94 Stepping 3, GenuineIntel



---------------  S Y S T E M  ---------------

OS: Windows 7 , 64 bit Build 7601 (6.1.7601.18015)

CPU:total 4 (4 cores per cpu, 1 threads per core) family 6 model 94 stepping 3, cmov, cx8, fxsr, mmx, sse, sse2, sse3, ssse3, sse4.1, sse4.2, popcnt, avx, avx2, aes, clmul, erms, rtm, 3dnowpref, lzcnt, tsc, tscinvbit, bmi1, bmi2, adx

Memory: 4k page, physical 8264920k(156592k free), swap 11335056k(4004k free)

vm_info: OpenJDK 64-Bit Server VM (25.112-b06) for windows-amd64 JRE (1.8.0_112-release-b06), built on Dec  8 2016 00:54:26 by "builder" with MS VC++ 10.0 (VS2010)

time: Fri Jun 02 10:06:03 2017
elapsed time: 0 seconds (0d 0h 0m 0s)

