#
# A fatal error has been detected by the Java Runtime Environment:
#
#  EXCEPTION_ACCESS_VIOLATION (0xc0000005) at pc=0x0000000063b5b947, pid=6200, tid=0x00000000000005f8
#
# JRE version: OpenJDK Runtime Environment (8.0_112-b06) (build 1.8.0_112-release-b06)
# Java VM: OpenJDK 64-Bit Server VM (25.112-b06 mixed mode windows-amd64 compressed oops)
# Problematic frame:
# V  [jvm.dll+0x1eb947]
#
# Failed to write core dump. Minidumps are not enabled by default on client versions of Windows
#
# If you would like to submit a bug report, please visit:
#   http://bugreport.java.com/bugreport/crash.jsp
#

---------------  T H R E A D  ---------------

Current thread (0x000000005504b800):  JavaThread "Signal Dispatcher" daemon [_thread_in_vm, id=1528, stack(0x00000000569b0000,0x0000000056ab0000)]

siginfo: ExceptionCode=0xc0000005, writing address 0x0000000056aaa4a0

Registers:
RAX=0x0000000056aaa4a0, RBX=0x0000000000000006, RCX=0x0000000000005000, RDX=0x0000000000000006
RSP=0x0000000056aaf4a0, RBP=0x0000000000000000, RSI=0x0000000056aaf4a0, RDI=0x0000000000000006
R8 =0x0000000000000006, R9 =0x000000005504e300, R10=0x000000005468d9c0, R11=0x00000000569ba150
R12=0x000000005504e300, R13=0x000000005504b800, R14=0x0000000056aaf568, R15=0x000000005468d9c0
RIP=0x0000000063b5b947, EFLAGS=0x0000000000010206

Top of Stack: (sp=0x0000000056aaf4a0)
0x0000000056aaf4a0:   00000000b50002b7 0000000000000000
0x0000000056aaf4b0:   000000005504b800 000000005504e300
0x0000000056aaf4c0:   00000000ffffffff 0000000063b5c877
0x0000000056aaf4d0:   0000000056aaf5d0 000000005468d9c0
0x0000000056aaf4e0:   000000005504b800 0000000063a0ae33
0x0000000056aaf4f0:   0000000056aaf530 000000005504b800
0x0000000056aaf500:   0000000056aaf5c0 000000005504b800
0x0000000056aaf510:   000000005468d9c0 000000005504b800
0x0000000056aaf520:   00000000028a2f20 000000005504b800
0x0000000056aaf530:   000000005468d9c0 000000005504b800
0x0000000056aaf540:   000000005468d9c0 000000005504b800
0x0000000056aaf550:   0000000000000001 000000005468d9c0
0x0000000056aaf560:   000000005504b800 0000000054fe90b0
0x0000000056aaf570:   000000005504b800 0000000063a0c31d
0x0000000056aaf580:   0000000056aaf978 00000000146666b0
0x0000000056aaf590:   00000000146666b0 0000000000000000 

Instructions: (pc=0x0000000063b5b947)
0x0000000063b5b927:   48 89 6c 24 30 33 ed 66 90 e8 cb b8 07 00 ff c3
0x0000000063b5b937:   48 63 c8 48 8b c6 48 0f af cf 48 ff c7 48 2b c1
0x0000000063b5b947:   89 28 48 63 c3 48 3b 05 45 2c 57 00 7e db 48 8b
0x0000000063b5b957:   6c 24 30 48 8b 5c 24 38 48 8b 74 24 40 48 83 c4 


Register to memory mapping:

RAX=0x0000000056aaa4a0 is pointing into the stack for thread: 0x000000005504b800
RBX=0x0000000000000006 is an unknown value
RCX=0x0000000000005000 is an unknown value
RDX=0x0000000000000006 is an unknown value
RSP=0x0000000056aaf4a0 is pointing into the stack for thread: 0x000000005504b800
RBP=0x0000000000000000 is an unknown value
RSI=0x0000000056aaf4a0 is pointing into the stack for thread: 0x000000005504b800
RDI=0x0000000000000006 is an unknown value
R8 =0x0000000000000006 is an unknown value
R9 =0x000000005504e300 is an unknown value
R10={method} {0x000000005468d9c8} 'exit' '()V' in 'java/lang/Thread'
R11=0x00000000569ba150 is pointing into the stack for thread: 0x000000005504b800
R12=0x000000005504e300 is an unknown value
R13=0x000000005504b800 is a thread
R14=0x0000000056aaf568 is pointing into the stack for thread: 0x000000005504b800
R15={method} {0x000000005468d9c8} 'exit' '()V' in 'java/lang/Thread'


Stack: [0x00000000569b0000,0x0000000056ab0000],  sp=0x0000000056aaf4a0,  free space=1021k
Native frames: (J=compiled Java code, j=interpreted, Vv=VM code, C=native code)


---------------  P R O C E S S  ---------------

Java Threads: ( => current thread )
  0x000000005505f800 JavaThread "Service Thread" daemon [_thread_blocked, id=6372, stack(0x0000000057120000,0x0000000057220000)]
  0x000000005505c800 JavaThread "C1 CompilerThread2" daemon [_thread_blocked, id=6376, stack(0x0000000057010000,0x0000000057110000)]
  0x000000005505b000 JavaThread "C2 CompilerThread1" daemon [_thread_blocked, id=6672, stack(0x0000000056ab0000,0x0000000056bb0000)]
  0x000000005650e800 JavaThread "C2 CompilerThread0" daemon [_thread_blocked, id=6564, stack(0x0000000056d80000,0x0000000056e80000)]
  0x00000000564fc800 JavaThread "Attach Listener" daemon [_thread_blocked, id=1032, stack(0x0000000056c40000,0x0000000056d40000)]
=>0x000000005504b800 JavaThread "Signal Dispatcher" daemon [_thread_in_vm, id=1528, stack(0x00000000569b0000,0x0000000056ab0000)]
  0x0000000055037000 JavaThread "Finalizer" daemon [_thread_blocked, id=5564, stack(0x00000000563f0000,0x00000000564f0000)]
  0x0000000054ff0000 JavaThread "Reference Handler" daemon [_thread_blocked, id=3988, stack(0x0000000056290000,0x0000000056390000)]
  0x00000000023dd800 JavaThread "main" [_thread_blocked, id=6648, stack(0x0000000002790000,0x0000000002890000)]

Other Threads:
  0x0000000054fe8000 VMThread [stack: 0x0000000056130000,0x0000000056230000] [id=6704]

VM state:synchronizing (normal execution)

VM Mutex/Monitor currently owned by a thread:  ([mutex/lock_event])
[0x00000000023dbfe0] Threads_lock - owner thread: 0x0000000054fe8000

Heap:
 PSYoungGen      total 38400K, used 5993K [0x00000000eab00000, 0x00000000ed580000, 0x0000000100000000)
  eden space 33280K, 18% used [0x00000000eab00000,0x00000000eb0da578,0x00000000ecb80000)
  from space 5120K, 0% used [0x00000000ed080000,0x00000000ed080000,0x00000000ed580000)
  to   space 5120K, 0% used [0x00000000ecb80000,0x00000000ecb80000,0x00000000ed080000)
 ParOldGen       total 87552K, used 0K [0x00000000c0000000, 0x00000000c5580000, 0x00000000eab00000)
  object space 87552K, 0% used [0x00000000c0000000,0x00000000c0000000,0x00000000c5580000)
 Metaspace       used 3905K, capacity 5008K, committed 5120K, reserved 1056768K
  class space    used 421K, capacity 456K, committed 512K, reserved 1048576K

Card table byte_map: [0x0000000011c50000,0x0000000011e60000] byte_map_base: 0x0000000011650000

Marking Bits: (ParMarkBitMap*) 0x00000000641318f0
 Begin Bits: [0x0000000012460000, 0x0000000013460000)
 End Bits:   [0x0000000013460000, 0x0000000014460000)

Polling page: 0x0000000000140000

CodeCache: size=245760Kb used=1495Kb max_used=1506Kb free=244264Kb
 bounds [0x0000000002890000, 0x0000000002b00000, 0x0000000011890000]
 total_blobs=448 nmethods=191 adapters=171
 compilation: enabled

Compilation events (10 events):
Event: 0.164 Thread 0x000000005505c800  187       3       sun.nio.cs.ext.DoubleByte$Encoder::encodeChar (21 bytes)
Event: 0.165 Thread 0x000000005505c800 nmethod 187 0x0000000002a05750 code [0x0000000002a058c0, 0x0000000002a05a70]
Event: 0.165 Thread 0x000000005505c800  188       1       java.nio.Buffer::position (5 bytes)
Event: 0.165 Thread 0x000000005505c800 nmethod 188 0x0000000002a05bd0 code [0x0000000002a05d20, 0x0000000002a05e30]
Event: 0.165 Thread 0x000000005650e800  190       4       sun.nio.cs.ext.DoubleByte$Encoder::encodeChar (21 bytes)
Event: 0.165 Thread 0x000000005505c800  189       3       java.lang.String::indexOf (70 bytes)
Event: 0.165 Thread 0x000000005505c800 nmethod 189 0x0000000002a05e90 code [0x0000000002a06020, 0x0000000002a063a8]
Event: 0.165 Thread 0x000000005505c800  191       1       java.nio.Buffer::limit (5 bytes)
Event: 0.165 Thread 0x000000005505c800 nmethod 191 0x0000000002a06510 code [0x0000000002a06660, 0x0000000002a06770]
Event: 0.166 Thread 0x000000005650e800 nmethod 190 0x0000000002a09490 code [0x0000000002a095e0, 0x0000000002a096b8]

GC Heap History (0 events):
No events

Deoptimization events (1 events):
Event: 0.162 Thread 0x00000000023dd800 Uncommon trap: reason=unstable_if action=reinterpret pc=0x00000000029d79cc method=java.lang.String.indexOf(II)I @ 49

Internal exceptions (3 events):
Event: 0.018 Thread 0x00000000023dd800 Exception <a 'java/lang/NoSuchMethodError': Method sun.misc.Unsafe.defineClass(Ljava/lang/String;[BII)Ljava/lang/Class; name or signature does not match> (0x00000000eab07c78) thrown at [C:\src\android\AOSP-openjdk\external\jetbrains\jdk\hotspot\src\share\véÊCfõ’?
Event: 0.019 Thread 0x00000000023dd800 Exception <a 'java/lang/NoSuchMethodError': Method sun.misc.Unsafe.prefetchRead(Ljava/lang/Object;J)V name or signature does not match> (0x00000000eab07f60) thrown at [C:\src\android\AOSP-openjdk\external\jetbrains\jdk\hotspot\src\share\vm\prims\jni.cpp, l°	!Ål¹Ä?
Event: 0.162 Thread 0x00000000023dd800 Exception <a 'java/lang/OutOfMemoryError': unable to create new native thread> (0x00000000eb0c8640) thrown at [C:\src\android\AOSP-openjdk\external\jetbrains\jdk\hotspot\src\share\vm\prims\jvm.cpp, line 3024]

Events (10 events):
Event: 0.163 loading class java/lang/Throwable$WrappedPrintStream done
Event: 0.163 loading class java/util/IdentityHashMap
Event: 0.164 loading class java/util/IdentityHashMap done
Event: 0.164 loading class java/util/IdentityHashMap$KeySet
Event: 0.164 loading class java/util/IdentityHashMap$KeySet done
Event: 0.165 loading class java/lang/Shutdown
Event: 0.165 loading class java/lang/Shutdown done
Event: 0.165 loading class java/lang/Shutdown$Lock
Event: 0.165 loading class java/lang/Shutdown$Lock done
Event: 0.166 Executing VM operation: Exit


Dynamic libraries:
0x000000013f850000 - 0x000000013f881000 	C:\Android\android-studio\jre\bin\java.exe
0x0000000077690000 - 0x0000000077839000 	C:\Windows\SYSTEM32\ntdll.dll
0x0000000077470000 - 0x000000007758f000 	C:\Windows\system32\kernel32.dll
0x000007fefd6a0000 - 0x000007fefd70b000 	C:\Windows\system32\KERNELBASE.dll
0x000007fefdd80000 - 0x000007fefde5b000 	C:\Windows\system32\ADVAPI32.dll
0x000007fefdbd0000 - 0x000007fefdc6f000 	C:\Windows\system32\msvcrt.dll
0x000007feff680000 - 0x000007feff69f000 	C:\Windows\SYSTEM32\sechost.dll
0x000007feff4e0000 - 0x000007feff60d000 	C:\Windows\system32\RPCRT4.dll
0x0000000077590000 - 0x000000007768a000 	C:\Windows\system32\USER32.dll
0x000007feff610000 - 0x000007feff677000 	C:\Windows\system32\GDI32.dll
0x000007fefdb90000 - 0x000007fefdb9e000 	C:\Windows\system32\LPK.dll
0x000007feff6a0000 - 0x000007feff769000 	C:\Windows\system32\USP10.dll
0x000007fefb960000 - 0x000007fefbb54000 	C:\Windows\WinSxS\amd64_microsoft.windows.common-controls_6595b64144ccf1df_6.0.7601.17514_none_fa396087175ac9ac\COMCTL32.dll
0x000007fefebf0000 - 0x000007fefec61000 	C:\Windows\system32\SHLWAPI.dll
0x000007fefdba0000 - 0x000007fefdbce000 	C:\Windows\system32\IMM32.DLL
0x000007fefdc70000 - 0x000007fefdd79000 	C:\Windows\system32\MSCTF.dll
0x000000006ebe0000 - 0x000000006ecb2000 	C:\Android\android-studio\jre\jre\bin\msvcr100.dll
0x0000000063970000 - 0x00000000641ac000 	C:\Android\android-studio\jre\jre\bin\server\jvm.dll
0x000007fef9fd0000 - 0x000007fef9fd9000 	C:\Windows\system32\WSOCK32.dll
0x000007feff770000 - 0x000007feff7bd000 	C:\Windows\system32\WS2_32.dll
0x000007feff260000 - 0x000007feff268000 	C:\Windows\system32\NSI.dll
0x000007fef6ae0000 - 0x000007fef6b1b000 	C:\Windows\system32\WINMM.dll
0x000007fefc530000 - 0x000007fefc53c000 	C:\Windows\system32\VERSION.dll
0x0000000077860000 - 0x0000000077867000 	C:\Windows\system32\PSAPI.DLL
0x000007fefa2b0000 - 0x000007fefa2bf000 	C:\Android\android-studio\jre\jre\bin\verify.dll
0x000007fefa280000 - 0x000007fefa2a9000 	C:\Android\android-studio\jre\jre\bin\java.dll
0x000007fefa260000 - 0x000007fefa276000 	C:\Android\android-studio\jre\jre\bin\zip.dll
0x000007fefde60000 - 0x000007fefebe8000 	C:\Windows\system32\SHELL32.dll
0x000007fefd8a0000 - 0x000007fefdaa3000 	C:\Windows\system32\ole32.dll
0x000007fefd450000 - 0x000007fefd45f000 	C:\Windows\system32\profapi.dll

VM Arguments:
jvm_args: -Djava.awt.headless=true -Xmx1024M -Dfile.encoding=GBK -Duser.country=CN -Duser.language=zh -Duser.variant 
java_command: com.android.dx.command.Main --dex --num-threads=4 --output D:\test\6_2\app\build\intermediates\pre-dexed\debug\MPAndroidChart-v2.1.5_4f2db9e2a44167ee36b6eaa6700c383b53134688.jar D:\test\6_2\app\libs\MPAndroidChart-v2.1.5.jar
java_class_path (initial): C:\Android\android-sdk-windows\build-tools\25.0.0\lib\dx.jar
Launcher Type: SUN_STANDARD

Environment Variables:
PATH=C:\ProgramData\Oracle\Java\javapath;C:\Program Files (x86)\Intel\iCLS Client\;C:\Program Files\Intel\iCLS Client\;C:\Windows\system32;C:\Windows;C:\Windows\System32\Wbem;C:\Windows\System32\WindowsPowerShell\v1.0\;C:\Program Files (x86)\Intel\UCRT\;C:\Program Files\Intel\UCRT\;C:\Program Files (x86)\Intel\Intel(R) Management Engine Components\DAL;C:\Program Files\Intel\Intel(R) Management Engine Components\DAL;C:\Program Files (x86)\Intel\Intel(R) Management Engine Components\IPT;C:\Program Files\Intel\Intel(R) Management Engine Components\IPT;C:\Program Files (x86)\Git\cmd
USERNAME=Administrator
OS=Windows_NT
PROCESSOR_IDENTIFIER=Intel64 Family 6 Model 94 Stepping 3, GenuineIntel



---------------  S Y S T E M  ---------------

OS: Windows 7 , 64 bit Build 7601 (6.1.7601.18015)

CPU:total 4 (4 cores per cpu, 1 threads per core) family 6 model 94 stepping 3, cmov, cx8, fxsr, mmx, sse, sse2, sse3, ssse3, sse4.1, sse4.2, popcnt, avx, avx2, aes, clmul, erms, rtm, 3dnowpref, lzcnt, tsc, tscinvbit, bmi1, bmi2, adx

Memory: 4k page, physical 8264920k(156392k free), swap 11335056k(3288k free)

vm_info: OpenJDK 64-Bit Server VM (25.112-b06) for windows-amd64 JRE (1.8.0_112-release-b06), built on Dec  8 2016 00:54:26 by "builder" with MS VC++ 10.0 (VS2010)

time: Fri Jun 02 10:06:03 2017
elapsed time: 0 seconds (0d 0h 0m 0s)

