#
# There is insufficient memory for the Java Runtime Environment to continue.
# Native memory allocation (malloc) failed to allocate 32744 bytes for ChunkPool::allocate
# Possible reasons:
#   The system is out of physical RAM or swap space
#   In 32 bit mode, the process size limit was hit
# Possible solutions:
#   Reduce memory load on the system
#   Increase physical memory or swap space
#   Check if swap backing store is full
#   Use 64 bit Java on a 64 bit OS
#   Decrease Java heap size (-Xmx/-Xms)
#   Decrease number of Java threads
#   Decrease Java thread stack sizes (-Xss)
#   Set larger code cache with -XX:ReservedCodeCacheSize=
# This output file may be truncated or incomplete.
#
#  Out of Memory Error (allocation.cpp:273), pid=5712, tid=0x00000000000017fc
#
# JRE version: OpenJDK Runtime Environment (8.0_112-b06) (build 1.8.0_112-release-b06)
# Java VM: OpenJDK 64-Bit Server VM (25.112-b06 mixed mode windows-amd64 compressed oops)
# Failed to write core dump. Minidumps are not enabled by default on client versions of Windows
#

---------------  T H R E A D  ---------------

Current thread (0x000000005630d800):  JavaThread "C2 CompilerThread1" daemon [_thread_in_native, id=6140, stack(0x0000000056bc0000,0x0000000056cc0000)]

Stack: [0x0000000056bc0000,0x0000000056cc0000]
[error occurred during error reporting (printing stack bounds), id 0xc0000005]

Native frames: (J=compiled Java code, j=interpreted, Vv=VM code, C=native code)


Current CompileTask:
C2:    166  131       4       java.lang.String::replace (127 bytes)


---------------  P R O C E S S  ---------------

Java Threads: ( => current thread )
  0x0000000056318000 JavaThread "Service Thread" daemon [_thread_blocked, id=6752, stack(0x0000000056f60000,0x0000000057060000)]
  0x000000005630e800 JavaThread "C1 CompilerThread2" daemon [_thread_blocked, id=3568, stack(0x0000000056e40000,0x0000000056f40000)]
=>0x000000005630d800 JavaThread "C2 CompilerThread1" daemon [_thread_in_native, id=6140, stack(0x0000000056bc0000,0x0000000056cc0000)]
  0x00000000562ae000 JavaThread "C2 CompilerThread0" daemon [_thread_in_native, id=7120, stack(0x00000000566d0000,0x00000000567d0000)]
  0x000000005629c800 JavaThread "Attach Listener" daemon [_thread_blocked, id=7036, stack(0x0000000056a30000,0x0000000056b30000)]
  0x0000000054dad800 JavaThread "Signal Dispatcher" daemon [_thread_blocked, id=6736, stack(0x0000000056830000,0x0000000056930000)]
  0x0000000054d99000 JavaThread "Finalizer" daemon [_thread_blocked, id=6748, stack(0x0000000055df0000,0x0000000055ef0000)]
  0x0000000054d52000 JavaThread "Reference Handler" daemon [_thread_blocked, id=7152, stack(0x0000000056190000,0x0000000056290000)]
  0x00000000023bd800 JavaThread "main" [_thread_in_vm, id=6652, stack(0x0000000002520000,0x0000000002620000)]

Other Threads:
  0x0000000054d4a000 VMThread [stack: 0x0000000055fa0000,0x00000000560a0000] [id=6636]
  0x0000000056314000 WatcherThread [stack: 0x00000000571b0000,0x00000000572b0000] [id=4836]

VM state:not at safepoint (normal execution)

VM Mutex/Monitor currently owned by a thread: None

Heap:
 PSYoungGen      total 38400K, used 3993K [0x00000000eab00000, 0x00000000ed580000, 0x0000000100000000)
  eden space 33280K, 12% used [0x00000000eab00000,0x00000000eaee6680,0x00000000ecb80000)
  from space 5120K, 0% used [0x00000000ed080000,0x00000000ed080000,0x00000000ed580000)
  to   space 5120K, 0% used [0x00000000ecb80000,0x00000000ecb80000,0x00000000ed080000)
 ParOldGen       total 87552K, used 0K [0x00000000c0000000, 0x00000000c5580000, 0x00000000eab00000)
  object space 87552K, 0% used [0x00000000c0000000,0x00000000c0000000,0x00000000c5580000)
 Metaspace       used 3670K, capacity 4880K, committed 5120K, reserved 1056768K
  class space    used 390K, capacity 456K, committed 512K, reserved 1048576K

Card table byte_map: [0x00000000119e0000,0x0000000011bf0000] byte_map_base: 0x00000000113e0000

Marking Bits: (ParMarkBitMap*) 0x00000000641318f0
 Begin Bits: [0x00000000121c0000, 0x00000000131c0000)
 End Bits:   [0x00000000131c0000, 0x00000000141c0000)

Polling page: 0x0000000000330000

CodeCache: size=245760Kb used=1344Kb max_used=1344Kb free=244415Kb
 bounds [0x0000000002620000, 0x0000000002890000, 0x0000000011620000]
 total_blobs=387 nmethods=134 adapters=167
 compilation: enabled

Compilation events (10 events):
Event: 0.160 Thread 0x000000005630e800 nmethod 130 0x000000000276e210 code [0x000000000276e380, 0x000000000276e588]
Event: 0.160 Thread 0x000000005630e800  129       3       java.lang.ClassLoader::getClassLoadingLock (35 bytes)
Event: 0.160 Thread 0x000000005630e800 nmethod 129 0x000000000276e650 code [0x000000000276e7c0, 0x000000000276eb68]
Event: 0.160 Thread 0x000000005630e800  132       3       java.lang.AbstractStringBuilder::<init> (12 bytes)
Event: 0.161 Thread 0x000000005630e800 nmethod 132 0x000000000276ecd0 code [0x000000000276ee40, 0x000000000276f090]
Event: 0.163 Thread 0x000000005630e800  133   !   3       java.util.zip.Inflater::inflate (113 bytes)
Event: 0.163 Thread 0x000000005630e800 nmethod 133 0x000000000276f510 code [0x000000000276f6c0, 0x000000000276fd18]
Event: 0.164 Thread 0x00000000562ae000  135       4       java.lang.String::hashCode (55 bytes)
Event: 0.164 Thread 0x000000005630e800  136       3       com.android.dx.util.ByteArray::getUnsignedByte0 (16 bytes)
Event: 0.164 Thread 0x000000005630e800 nmethod 136 0x0000000002770090 code [0x00000000027701e0, 0x0000000002770370]

GC Heap History (0 events):
No events

Deoptimization events (0 events):
No events

Internal exceptions (2 events):
Event: 0.020 Thread 0x00000000023bd800 Exception <a 'java/lang/NoSuchMethodError': Method sun.misc.Unsafe.defineClass(Ljava/lang/String;[BII)Ljava/lang/Class; name or signature does not match> (0x00000000eab07c78) thrown at [C:\src\android\AOSP-openjdk\external\jetbrains\jdk\hotspot\src\share\v?•Ék
Event: 0.020 Thread 0x00000000023bd800 Exception <a 'java/lang/NoSuchMethodError': Method sun.misc.Unsafe.prefetchRead(Ljava/lang/Object;J)V name or signature does not match> (0x00000000eab07f60) thrown at [C:\src\android\AOSP-openjdk\external\jetbrains\jdk\hotspot\src\share\vm\prims\jni.cpp, l

Events (10 events):
Event: 0.160 loading class com/android/dx/rop/cst/StdConstantPool
Event: 0.160 loading class com/android/dx/rop/cst/StdConstantPool done
Event: 0.160 loading class com/android/dx/util/MutabilityControl
Event: 0.160 loading class com/android/dx/util/MutabilityControl done
Event: 0.162 loading class com/android/dx/util/MutabilityException
Event: 0.162 loading class com/android/dx/util/MutabilityException done
Event: 0.163 loading class com/android/dx/rop/type/Type
Event: 0.163 loading class com/android/dx/rop/type/Type done
Event: 0.165 loading class com/android/dx/rop/type/Prototype
Event: 0.165 loading class com/android/dx/rop/type/Prototype done


Dynamic libraries:
0x000000013f850000 - 0x000000013f881000 	C:\Android\android-studio\jre\bin\java.exe
0x0000000077690000 - 0x0000000077839000 	C:\Windows\SYSTEM32\ntdll.dll
0x0000000077470000 - 0x000000007758f000 	C:\Windows\system32\kernel32.dll
0x000007fefd6a0000 - 0x000007fefd70b000 	C:\Windows\system32\KERNELBASE.dll
0x000007fefdd80000 - 0x000007fefde5b000 	C:\Windows\system32\ADVAPI32.dll
0x000007fefdbd0000 - 0x000007fefdc6f000 	C:\Windows\system32\msvcrt.dll
0x000007feff680000 - 0x000007feff69f000 	C:\Windows\SYSTEM32\sechost.dll
0x000007feff4e0000 - 0x000007feff60d000 	C:\Windows\system32\RPCRT4.dll
0x0000000077590000 - 0x000000007768a000 	C:\Windows\system32\USER32.dll
0x000007feff610000 - 0x000007feff677000 	C:\Windows\system32\GDI32.dll
0x000007fefdb90000 - 0x000007fefdb9e000 	C:\Windows\system32\LPK.dll
0x000007feff6a0000 - 0x000007feff769000 	C:\Windows\system32\USP10.dll
0x000007fefb960000 - 0x000007fefbb54000 	C:\Windows\WinSxS\amd64_microsoft.windows.common-controls_6595b64144ccf1df_6.0.7601.17514_none_fa396087175ac9ac\COMCTL32.dll
0x000007fefebf0000 - 0x000007fefec61000 	C:\Windows\system32\SHLWAPI.dll
0x000007fefdba0000 - 0x000007fefdbce000 	C:\Windows\system32\IMM32.DLL
0x000007fefdc70000 - 0x000007fefdd79000 	C:\Windows\system32\MSCTF.dll
0x000000006ebe0000 - 0x000000006ecb2000 	C:\Android\android-studio\jre\jre\bin\msvcr100.dll
0x0000000063970000 - 0x00000000641ac000 	C:\Android\android-studio\jre\jre\bin\server\jvm.dll
0x000007fef9fd0000 - 0x000007fef9fd9000 	C:\Windows\system32\WSOCK32.dll
0x000007feff770000 - 0x000007feff7bd000 	C:\Windows\system32\WS2_32.dll
0x000007feff260000 - 0x000007feff268000 	C:\Windows\system32\NSI.dll
0x000007fef6ae0000 - 0x000007fef6b1b000 	C:\Windows\system32\WINMM.dll
0x000007fefc530000 - 0x000007fefc53c000 	C:\Windows\system32\VERSION.dll
0x0000000077860000 - 0x0000000077867000 	C:\Windows\system32\PSAPI.DLL
0x000007fefa2b0000 - 0x000007fefa2bf000 	C:\Android\android-studio\jre\jre\bin\verify.dll
0x000007fefa280000 - 0x000007fefa2a9000 	C:\Android\android-studio\jre\jre\bin\java.dll
0x000007fefa260000 - 0x000007fefa276000 	C:\Android\android-studio\jre\jre\bin\zip.dll
0x000007fefde60000 - 0x000007fefebe8000 	C:\Windows\system32\SHELL32.dll
0x000007fefd8a0000 - 0x000007fefdaa3000 	C:\Windows\system32\ole32.dll
0x000007fefd450000 - 0x000007fefd45f000 	C:\Windows\system32\profapi.dll

VM Arguments:
jvm_args: -Djava.awt.headless=true -Xmx1024M -Dfile.encoding=GBK -Duser.country=CN -Duser.language=zh -Duser.variant 
java_command: com.android.dx.command.Main --dex --num-threads=4 --output D:\test\6_2\app\build\intermediates\pre-dexed\debug\volley_3a88729bdccd501c70b3023f60144f310fe7ee50.jar D:\test\6_2\app\libs\volley.jar
java_class_path (initial): C:\Android\android-sdk-windows\build-tools\25.0.0\lib\dx.jar
Launcher Type: SUN_STANDARD

Environment Variables:
PATH=C:\ProgramData\Oracle\Java\javapath;C:\Program Files (x86)\Intel\iCLS Client\;C:\Program Files\Intel\iCLS Client\;C:\Windows\system32;C:\Windows;C:\Windows\System32\Wbem;C:\Windows\System32\WindowsPowerShell\v1.0\;C:\Program Files (x86)\Intel\UCRT\;C:\Program Files\Intel\UCRT\;C:\Program Files (x86)\Intel\Intel(R) Management Engine Components\DAL;C:\Program Files\Intel\Intel(R) Management Engine Components\DAL;C:\Program Files (x86)\Intel\Intel(R) Management Engine Components\IPT;C:\Program Files\Intel\Intel(R) Management Engine Components\IPT;C:\Program Files (x86)\Git\cmd
USERNAME=Administrator
OS=Windows_NT
PROCESSOR_IDENTIFIER=Intel64 Family 6 Model 94 Stepping 3, GenuineIntel



---------------  S Y S T E M  ---------------

OS: Windows 7 , 64 bit Build 7601 (6.1.7601.18015)

CPU:total 4 (4 cores per cpu, 1 threads per core) family 6 model 94 stepping 3, cmov, cx8, fxsr, mmx, sse, sse2, sse3, ssse3, sse4.1, sse4.2, popcnt, avx, avx2, aes, clmul, erms, rtm, 3dnowpref, lzcnt, tsc, tscinvbit, bmi1, bmi2, adx

Memory: 4k page, physical 8264920k(156656k free), swap 11335056k(4024k free)

vm_info: OpenJDK 64-Bit Server VM (25.112-b06) for windows-amd64 JRE (1.8.0_112-release-b06), built on Dec  8 2016 00:54:26 by "builder" with MS VC++ 10.0 (VS2010)

time: Fri Jun 02 10:06:03 2017
elapsed time: 0 seconds (0d 0h 0m 0s)

